<?xml version="1.0" encoding="UTF-8"?>
<testng-results skipped="0" failed="0" ignored="0" total="1" passed="1">
  <reporter-output>
  </reporter-output>
  <suite name="Default suite" duration-ms="25284" started-at="2017-02-26T14:16:12Z" finished-at="2017-02-26T14:16:37Z">
    <groups>
    </groups>
    <test name="Default test" duration-ms="25284" started-at="2017-02-26T14:16:12Z" finished-at="2017-02-26T14:16:37Z">
      <class name="com.cosmic.cubes.test.regression.TestCreateTaskSC_009">
        <test-method status="PASS" signature="setUp()[pri:0, instance:com.cosmic.cubes.test.regression.TestCreateTaskSC_009@5c3bd550]" name="setUp" is-config="true" duration-ms="13583" started-at="2017-02-26T19:46:12Z" finished-at="2017-02-26T19:46:26Z">
          <reporter-output>
          </reporter-output>
        </test-method> <!-- setUp -->
        <test-method status="PASS" signature="testCreateTaskTC_015()[pri:0, instance:com.cosmic.cubes.test.regression.TestCreateTaskSC_009@5c3bd550]" name="testCreateTaskTC_015" duration-ms="10783" started-at="2017-02-26T19:46:26Z" finished-at="2017-02-26T19:46:36Z">
          <reporter-output>
          </reporter-output>
        </test-method> <!-- testCreateTaskTC_015 -->
        <test-method status="PASS" signature="tearDown()[pri:0, instance:com.cosmic.cubes.test.regression.TestCreateTaskSC_009@5c3bd550]" name="tearDown" is-config="true" duration-ms="883" started-at="2017-02-26T19:46:36Z" finished-at="2017-02-26T19:46:37Z">
          <reporter-output>
          </reporter-output>
        </test-method> <!-- tearDown -->
      </class> <!-- com.cosmic.cubes.test.regression.TestCreateTaskSC_009 -->
    </test> <!-- Default test -->
  </suite> <!-- Default suite -->
</testng-results>
